<?xml version="1.0" encoding="UTF-8"?>
<!-- Generated by org.testng.reporters.JUnitReportReporter -->
<testsuite skipped="0" hostname="EPBYMINW3264" name="decorator.webdriver.WebDriverDecoratorUsage" tests="1" failures="0" timestamp="20 May 2020 11:17:58 GMT" time="26.783" errors="0">
  <testcase name="testCustomDriver" time="26.783" classname="decorator.webdriver.WebDriverDecoratorUsage"/>
</testsuite> <!-- decorator.webdriver.WebDriverDecoratorUsage -->
