<?xml version="1.0" encoding="UTF-8"?>
<!-- Generated by org.testng.reporters.JUnitReportReporter -->
<testsuite skipped="0" hostname="EPBYMINW3264" name="tests.VerifyProductAdditionToComparasionList" tests="1" failures="0" timestamp="20 May 2020 11:17:58 GMT" time="27.466" errors="0">
  <testcase name="testProductAdditionToTheList" time="27.466" classname="tests.VerifyProductAdditionToComparasionList"/>
</testsuite> <!-- tests.VerifyProductAdditionToComparasionList -->
