<?xml version="1.0" encoding="UTF-8"?>
<!-- Generated by org.testng.reporters.JUnitReportReporter -->
<testsuite skipped="0" hostname="EPBYMINW3264" name="tests.VerifyHeaderButtonsAreClickable" tests="18" failures="0" timestamp="20 May 2020 11:17:58 GMT" time="94.981" errors="0">
  <testcase name="testPaymentPageIsDisplayed" time="3.232" classname="tests.VerifyHeaderButtonsAreClickable"/>
  <testcase name="testDeliveryPageIsDisplayed" time="3.158" classname="tests.VerifyHeaderButtonsAreClickable"/>
  <testcase name="testComparasionListPageIsDisplayed" time="2.603" classname="tests.VerifyHeaderButtonsAreClickable"/>
  <testcase name="testWarrantyPageIsDisplayed" time="2.670" classname="tests.VerifyHeaderButtonsAreClickable"/>
  <testcase name="testBasketPageIsDisplayed" time="21.217" classname="tests.VerifyHeaderButtonsAreClickable"/>
  <testcase name="testLoginWindowIsDisplayed" time="2.812" classname="tests.VerifyHeaderButtonsAreClickable"/>
  <testcase name="testLoginWindowIsDisplayed" time="1.757" classname="tests.VerifyHeaderButtonsAreClickable"/>
  <testcase name="testBookmarksPageIsDisplayed" time="2.426" classname="tests.VerifyHeaderButtonsAreClickable"/>
  <testcase name="testBookmarksPageIsDisplayed" time="2.858" classname="tests.VerifyHeaderButtonsAreClickable"/>
  <testcase name="testBasketPageIsDisplayed" time="27.919" classname="tests.VerifyHeaderButtonsAreClickable"/>
  <testcase name="testPaymentPageIsDisplayed" time="2.578" classname="tests.VerifyHeaderButtonsAreClickable"/>
  <testcase name="testWishListPageIsDisplayed" time="2.445" classname="tests.VerifyHeaderButtonsAreClickable"/>
  <testcase name="testComparasionListPageIsDisplayed" time="3.567" classname="tests.VerifyHeaderButtonsAreClickable"/>
  <testcase name="testWishListPageIsDisplayed" time="3.491" classname="tests.VerifyHeaderButtonsAreClickable"/>
  <testcase name="testDiscountSystemPageIsDisplayed" time="2.783" classname="tests.VerifyHeaderButtonsAreClickable"/>
  <testcase name="testWarrantyPageIsDisplayed" time="2.757" classname="tests.VerifyHeaderButtonsAreClickable"/>
  <testcase name="testDeliveryPageIsDisplayed" time="2.968" classname="tests.VerifyHeaderButtonsAreClickable"/>
  <testcase name="testDiscountSystemPageIsDisplayed" time="3.740" classname="tests.VerifyHeaderButtonsAreClickable"/>
</testsuite> <!-- tests.VerifyHeaderButtonsAreClickable -->
